
  ____  ____    _______
 6MMMMb\`MM'    `MM`MM'
6M'    ` MM      MM MM                          /               /
MM       MM      MM MM       ___  __   _____   /M        ___   /M      ____
YM.      MM      MM MM       `MM 6MM  6MMMMMb /MMMMM   6MMMMb /MMMMM  6MMMMb
 YMMMMb  MMMMMMMMMM MM        MM69 " 6M'   `Mb MM     8M'  `Mb MM    6M'  `Mb
     `Mb MM      MM MM        MM'    MM     MM MM         ,oMM MM    MM    MM
      MM MM      MM MM        MM     MM     MM MM     ,6MM9'MM MM    MMMMMMMM
      MM MM      MM MM        MM     MM     MM MM     MM'   MM MM    MM
L    ,M9 MM      MM MM        MM     YM.   ,M9 YM.  , MM.  ,MM YM.  ,YM    d9
MYMMMM9 _MM_    _MM_MM_      _MM_     YMMMMM9   YMMM9 `YMMM9'Yb.YMMM9 YMMMM9
-----------------------------------------------------------------------------
FILE47   : molecule.gen
Work directory: /home/dongle 
Reading data from gen file: molecule.genNumber of basis functions (NBAS): 566


Alpha electrons: 176
Beta electrons: 175
Alpha HOMO index is: 176    Beta SUMO index is: 176

INITIAL OVERLAP
=====================
      |  b_0170  b_0171  b_0172  b_0173  b_0174  b_0175  b_0176
---------------------------------------------------------------
a_0170| -0.9895          0.0226         -0.0173          0.0287
a_0171|         -0.9938         -0.0496         -0.0130        
a_0172|  0.0346          0.9297          0.1065          0.3273
a_0173|         -0.0538          0.9972          0.0284        
a_0174| -0.0218         -0.1011          0.9938         -0.0337
a_0175|  0.0244         -0.3456                          0.9263
a_0176|         -0.0152         -0.0306          0.9977        

Alpha set used in rotation 176 MOs: [All] = 176 occ.
Beta reference set: [All] = 175 occ + 1 vir.
=============================
         CONVERGENCE
=============================
 step   objective function  
-----------------------------
    1   8.65243737 
    2   7.99262419 
    3   3.96369794 
    4   3.93354250 
    5   0.50464520 
    6   0.03728837 
    7   0.00587374 
    8   0.00133133 
    9   0.00063100 
   10   0.00036762 
   11   0.00015105 
   12   0.00011478 
   13   0.00008931 
   14   0.00008394 
   15   0.00008264 
   16   0.00008207 
   17   0.00008180 
   18   0.00008174 
   19   0.00008162 
   20   0.00008160 
   21   0.00008159 
   22   0.00008159 
   23   0.00008159 
   24   0.00008159 
   25   0.00008159 
--------------------

The minimization is done after 25 steps.
Squared Frobenius norm     ||abs(S)-1||2F  =  0.00008 

Overlap between (rotated) a_SOMO and beta_SUMO = -0.9925


FINAL OVERLAP
=====================
      |  b_0170  b_0171  b_0172  b_0173  b_0174  b_0175  b_0176
---------------------------------------------------------------
a_0170| -0.9999                                                
a_0171|         -0.9999                                        
a_0172|                  0.9997                                
a_0173|                          0.9999                        
a_0174|                                  0.9998                
a_0175|                                                 -0.9925
a_0176|                                          0.9993        


==============================
       Alpha MO energies   eV
==============================
 #        scf       rotated  
------------------------------
  1     -13148.634     -13148.634     
  2     -13148.634     -13148.634     
  3     -2423.642     -2423.642     
  4     -2423.642     -2423.642     
  5     -2423.364     -2423.364     
  6     -2423.364     -2423.364     
  7     -2423.340     -2423.340     
  8     -2423.340     -2423.340     
  9     -1802.520     -1802.520     
 10     -1802.520     -1802.520     
 11     -1704.451     -1704.451     
 12     -1704.451     -1704.451     
 13     -1535.469     -1535.469     
 14     -1535.469     -1535.469     
 15     -1535.372     -1535.372     
 16     -1535.372     -1535.372     
 17     -1535.372     -1535.372     
 18     -1535.372     -1535.372     
 19     -391.565     -391.565     
 20     -280.793     -280.793     
 21     -280.791     -280.791     
 22     -280.449     -280.449     
 23     -280.448     -280.448     
 24     -280.384     -280.384     
 25     -280.384     -280.384     
 26     -280.305     -280.305     
 27     -280.305     -280.305     
 28     -279.592     -279.592     
 29     -279.588     -279.588     
 30     -279.559     -279.559     
 31     -279.558     -279.558     
 32     -279.488     -279.488     
 33     -279.474     -279.474     
 34     -279.356     -279.356     
 35     -279.356     -279.356     
 36     -278.016     -278.016     
 37     -278.016     -278.016     
 38     -277.867     -277.867     
 39     -277.867     -277.867     
 40     -277.864     -277.864     
 41     -277.864     -277.864     
 42     -239.008     -239.008     
 43     -239.008     -239.008     
 44     -219.541     -219.541     
 45     -219.541     -219.541     
 46     -219.277     -219.277     
 47     -219.276     -219.276     
 48     -219.227     -219.227     
 49     -219.227     -219.227     
 50     -179.546     -179.546     
 51     -179.546     -179.546     
 52     -179.193     -179.193     
 53     -179.193     -179.193     
 54     -179.192     -179.192     
 55     -179.192     -179.192     
 56     -163.533     -163.533     
 57     -163.533     -163.533     
 58     -163.428     -163.428     
 59     -163.428     -163.428     
 60     -163.320     -163.320     
 61     -163.320     -163.320     
 62     -163.265     -163.265     
 63     -163.265     -163.265     
 64     -163.222     -163.222     
 65     -163.222     -163.222     
 66     -163.166     -163.166     
 67     -163.166     -163.166     
 68     -163.108     -163.108     
 69     -163.108     -163.108     
 70     -163.051     -163.051     
 71     -163.051     -163.051     
 72     -163.007     -163.007     
 73     -163.007     -163.007     
 74     -145.041     -145.041     
 75     -145.041     -145.041     
 76     -99.822     -99.822     
 77     -99.822     -99.822     
 78     -99.787     -99.787     
 79     -99.787     -99.787     
 80     -99.777     -99.777     
 81     -99.777     -99.777     
 82     -73.030     -73.030     
 83     -73.030     -73.030     
 84     -72.926     -72.926     
 85     -72.926     -72.926     
 86     -72.924     -72.924     
 87     -72.924     -72.924     
 88     -72.641     -72.641     
 89     -72.641     -72.641     
 90     -72.641     -72.641     
 91     -72.641     -72.641     
 92     -27.738     -27.733     
 93     -26.184     -26.182     
 94     -26.097     -26.097     
 95     -24.945     -24.942     
 96     -24.697     -24.697     
 97     -23.553     -23.551     
 98     -23.392     -23.392     
 99     -22.689     -22.690     
100     -22.671     -22.672     
101     -22.379     -22.378     
102     -21.723     -21.723     
103     -21.079     -21.079     
104     -20.276     -20.274     
105     -20.165     -20.165     
106     -20.033     -20.030     
107     -19.632     -19.622     
108     -19.530     -19.530     
109     -19.345     -19.345     
110     -19.004     -19.004     
111     -18.981     -18.977     
112     -18.922     -18.922     
113     -18.853     -18.850     
114     -18.824     -18.845     
115     -16.911     -16.911     
116     -16.542     -16.539     
117     -16.208     -16.207     
118     -15.972     -15.972     
119     -15.915     -15.915     
120     -15.562     -15.565     
121     -14.974     -14.977     
122     -14.586     -14.586     
123     -13.965     -13.965     
124     -13.537     -13.536     
125     -13.400     -13.400     
126     -13.276     -13.145     
127     -13.042     -13.093     
128     -12.678     -12.676     
129     -12.549     -12.541     
130     -12.460     -12.464     
131     -12.232     -12.232     
132     -12.115     -12.093     
133     -12.009     -12.050     
134     -11.974     -11.974     
135     -11.690     -11.697     
136     -11.679     -11.691     
137     -11.678     -11.675     
138     -11.525     -11.530     
139     -11.517     -11.515     
140     -11.433     -11.432     
141     -11.419     -11.425     
142     -11.364     -11.342     
143     -11.135     -11.137     
144     -11.133     -11.129     
145     -11.043     -11.043     
146     -11.026     -11.027     
147     -10.877     -10.877     
148     -10.852     -10.835     
149     -10.799     -10.819     
150     -10.691     -10.692     
151     -10.570     -10.571     
152     -10.461     -10.427     
153     -10.403     -10.404     
154     -10.363     -10.404     
155     -10.031     -10.036     
156      -9.988      -9.954     
157      -9.390      -9.382     
158      -9.284      -9.279     
159      -9.267      -9.270     
160      -9.230      -9.210     
161      -8.951      -8.914     
162      -8.857      -8.850     
163      -8.765      -8.786     
164      -8.760      -8.777     
165      -8.629      -8.640     
166      -8.524      -8.521     
167      -8.287      -8.257     
168      -8.258      -8.257     
169      -8.163      -8.207     
170      -8.122      -8.124     
171      -7.578      -7.584     
172      -6.881      -6.779     
173      -6.608      -6.614     
174      -6.569      -6.573     
175      -5.934      -6.111      matched with beta SUMO
176      -5.718      -5.729     


==============================
Alpha and Beta MO energies eV
==============================
 #       alpha        beta   
------------------------------
  1     -13148.634     -13148.634   
  2     -13148.634     -13148.634   
  3     -2423.642     -2423.634   
  4     -2423.642     -2423.634   
  5     -2423.364     -2423.357   
  6     -2423.364     -2423.356   
  7     -2423.340     -2423.341   
  8     -2423.340     -2423.341   
  9     -1802.520     -1802.520   
 10     -1802.520     -1802.520   
 11     -1704.451     -1704.451   
 12     -1704.451     -1704.451   
 13     -1535.469     -1535.469   
 14     -1535.469     -1535.469   
 15     -1535.372     -1535.372   
 16     -1535.372     -1535.372   
 17     -1535.372     -1535.372   
 18     -1535.372     -1535.372   
 19     -391.565     -391.625   
 20     -280.793     -280.624   
 21     -280.791     -280.622   
 22     -280.449     -280.416   
 23     -280.448     -280.416   
 24     -280.384     -280.388   
 25     -280.384     -280.388   
 26     -280.305     -280.313   
 27     -280.305     -280.313   
 28     -279.592     -279.608   
 29     -279.588     -279.605   
 30     -279.559     -279.551   
 31     -279.558     -279.550   
 32     -279.488     -279.450   
 33     -279.474     -279.435   
 34     -279.356     -279.350   
 35     -279.356     -279.350   
 36     -278.016     -278.016   
 37     -278.016     -278.016   
 38     -277.867     -277.867   
 39     -277.867     -277.867   
 40     -277.864     -277.864   
 41     -277.864     -277.864   
 42     -239.008     -239.008   
 43     -239.008     -239.008   
 44     -219.541     -219.533   
 45     -219.541     -219.533   
 46     -219.277     -219.269   
 47     -219.276     -219.269   
 48     -219.227     -219.227   
 49     -219.227     -219.227   
 50     -179.546     -179.546   
 51     -179.546     -179.546   
 52     -179.193     -179.193   
 53     -179.193     -179.193   
 54     -179.192     -179.192   
 55     -179.192     -179.192   
 56     -163.533     -163.528   
 57     -163.533     -163.528   
 58     -163.428     -163.424   
 59     -163.428     -163.424   
 60     -163.320     -163.292   
 61     -163.320     -163.292   
 62     -163.265     -163.265   
 63     -163.265     -163.265   
 64     -163.222     -163.222   
 65     -163.222     -163.222   
 66     -163.166     -163.166   
 67     -163.166     -163.166   
 68     -163.108     -163.108   
 69     -163.108     -163.108   
 70     -163.051     -163.017   
 71     -163.051     -163.017   
 72     -163.007     -163.007   
 73     -163.007     -163.007   
 74     -145.041     -145.041   
 75     -145.041     -145.041   
 76     -99.822     -99.822   
 77     -99.822     -99.822   
 78     -99.787     -99.788   
 79     -99.787     -99.788   
 80     -99.777     -99.777   
 81     -99.777     -99.777   
 82     -73.030     -73.030   
 83     -73.030     -73.030   
 84     -72.926     -72.926   
 85     -72.926     -72.926   
 86     -72.924     -72.924   
 87     -72.924     -72.924   
 88     -72.641     -72.641   
 89     -72.641     -72.641   
 90     -72.641     -72.641   
 91     -72.641     -72.641   
 92     -27.733     -27.572   
 93     -26.182     -26.155   
 94     -26.097     -26.084   
 95     -24.942     -24.874   
 96     -24.697     -24.672   
 97     -23.551     -23.473   
 98     -23.392     -23.369   
 99     -22.690     -22.674   
100     -22.672     -22.655   
101     -22.378     -22.306   
102     -21.723     -21.698   
103     -21.079     -21.047   
104     -20.274     -20.252   
105     -20.165     -20.161   
106     -20.030     -20.008   
107     -19.622     -19.565   
108     -19.530     -19.523   
109     -19.345     -19.324   
110     -19.004     -19.003   
111     -18.977     -18.973   
112     -18.922     -18.922   
113     -18.850     -18.849   
114     -18.845     -18.616   
115     -16.911     -16.838   
116     -16.539     -16.479   
117     -16.207     -16.172   
118     -15.972     -15.960   
119     -15.915     -15.903   
120     -15.565     -15.499   
121     -14.977     -14.862   
122     -14.586     -14.555   
123     -13.965     -13.949   
124     -13.536     -13.526   
125     -13.400     -13.386   
126     -13.145     -13.076   
127     -13.093     -12.821   
128     -12.676     -12.630   
129     -12.541     -12.493   
130     -12.464     -12.403   
131     -12.232     -12.215   
132     -12.093     -12.013   
133     -12.050     -11.965   
134     -11.974     -11.907   
135     -11.697     -11.678   
136     -11.691     -11.669   
137     -11.675     -11.652   
138     -11.530     -11.513   
139     -11.515     -11.511   
140     -11.432     -11.417   
141     -11.425     -11.378   
142     -11.342     -11.296   
143     -11.137     -11.122   
144     -11.129     -11.120   
145     -11.043     -11.038   
146     -11.027     -10.945   
147     -10.877     -10.877   
148     -10.835     -10.814   
149     -10.819     -10.775   
150     -10.692     -10.667   
151     -10.571     -10.532   
152     -10.427     -10.402   
153     -10.404     -10.366   
154     -10.404     -10.310   
155     -10.036      -9.946   
156      -9.954      -9.860   
157      -9.382      -9.330   
158      -9.279      -9.273   
159      -9.270      -9.258   
160      -9.210      -9.099   
161      -8.914      -8.826   
162      -8.850      -8.825   
163      -8.786      -8.752   
164      -8.777      -8.705   
165      -8.640      -8.597   
166      -8.521      -8.511   
167      -8.257      -8.262   
168      -8.257      -8.202   
169      -8.207      -8.111   
170      -8.124      -8.068   
171      -7.584      -7.519   
172      -6.779      -6.656   
173      -6.614      -6.538   
174      -6.573      -6.517   
175      -6.111      -5.642   
176      -5.729      -3.855   


==============================
           SHI GAP          eV
==============================
a HOMO: -5.7295 eV
a SOMO: -6.1112 eV
SHI gap: 0.3817 eV

The molecule has SHI characteristics. (SHI)

Total elapsed time: 23.4 seconds
